<?xml version="1.0" encoding="UTF-8"?>
<testng-results ignored="0" total="2" passed="2" failed="0" skipped="0">
  <reporter-output>
  </reporter-output>
  <suite started-at="2023-08-17T12:45:35 IST" name="Suite" finished-at="2023-08-17T12:46:51 IST" duration-ms="75689">
    <groups>
    </groups>
    <test started-at="2023-08-17T12:45:35 IST" name="Test" finished-at="2023-08-17T12:46:51 IST" duration-ms="75689">
      <class name="com.w3schools.utils.Reports">
        <test-method is-config="true" signature="startReport()[pri:0, instance:com.w3schools.utils.Reports@4d1c005e]" started-at="2023-08-17T12:45:35 IST" name="startReport" finished-at="2023-08-17T12:45:35 IST" duration-ms="204" status="PASS">
          <reporter-output>
          </reporter-output>
        </test-method> <!-- startReport -->
        <test-method is-config="true" signature="endReport()[pri:0, instance:com.w3schools.utils.Reports@4d1c005e]" started-at="2023-08-17T12:46:51 IST" name="endReport" finished-at="2023-08-17T12:46:51 IST" duration-ms="247" status="PASS">
          <reporter-output>
          </reporter-output>
        </test-method> <!-- endReport -->
      </class> <!-- com.w3schools.utils.Reports -->
      <class name="com.w3schools.tests.LoginTest">
        <test-method signature="loginWithInvalidEmail()[pri:0, instance:com.w3schools.tests.LoginTest@712625fd]" started-at="2023-08-17T12:45:36 IST" name="loginWithInvalidEmail" finished-at="2023-08-17T12:46:32 IST" duration-ms="56933" status="PASS">
          <reporter-output>
          </reporter-output>
        </test-method> <!-- loginWithInvalidEmail -->
        <test-method is-config="true" signature="closeAllBrowsers()[pri:0, instance:com.w3schools.tests.LoginTest@712625fd]" started-at="2023-08-17T12:46:32 IST" name="closeAllBrowsers" finished-at="2023-08-17T12:46:33 IST" duration-ms="248" status="PASS">
          <reporter-output>
          </reporter-output>
        </test-method> <!-- closeAllBrowsers -->
        <test-method signature="loginWithValidCredentials()[pri:0, instance:com.w3schools.tests.LoginTest@712625fd]" started-at="2023-08-17T12:46:33 IST" name="loginWithValidCredentials" finished-at="2023-08-17T12:46:51 IST" duration-ms="18294" status="PASS">
          <reporter-output>
          </reporter-output>
        </test-method> <!-- loginWithValidCredentials -->
        <test-method is-config="true" signature="closeAllBrowsers()[pri:0, instance:com.w3schools.tests.LoginTest@712625fd]" started-at="2023-08-17T12:46:51 IST" name="closeAllBrowsers" finished-at="2023-08-17T12:46:51 IST" duration-ms="174" status="PASS">
          <reporter-output>
          </reporter-output>
        </test-method> <!-- closeAllBrowsers -->
      </class> <!-- com.w3schools.tests.LoginTest -->
    </test> <!-- Test -->
  </suite> <!-- Suite -->
</testng-results>
